<?xml version="1.0" encoding="UTF-8"?>
<!-- Generated by org.testng.reporters.JUnitXMLReporter -->
<testsuite ignored="0" hostname="DESKTOP-G609BEC" failures="1" tests="3" name="EmulatorTest" time="167.936" errors="0" timestamp="2022-10-07T13:18:18 IST">
  <testcase classname="org.tyss.universalUtility.BaseClass" name="@AfterMethod methodTearDown" time="20.183">
    <failure type="org.openqa.selenium.WebDriverException" message="An unknown server-side error occurred while processing the command. Original error: Error executing adbExec. Original error: &amp;apos;Command &amp;apos;C:\\Users\\Dell\\AppData\\Local\\Android\\Sdk\\platform-tools\\adb.exe -P 5037 -s emulator-5554 shell am force-stop com.flipkart.android&amp;apos; timed out after 20000ms&amp;apos;. Try to increase the 20000ms adb execution timeout represented by &amp;apos;adbExecTimeout&amp;apos; capability (WARNING: The server did not provide any stacktrace information)
Command duration or timeout: 20.18 seconds
Build info: version: &amp;apos;2.53.1&amp;apos;, revision: &amp;apos;a36b8b1cd5757287168e54b817830adce9b0158d&amp;apos;, time: &amp;apos;2016-06-30 19:26:09&amp;apos;
System info: host: &amp;apos;DESKTOP-G609BEC&amp;apos;, ip: &amp;apos;192.168.72.16&amp;apos;, os.name: &amp;apos;Windows 10&amp;apos;, os.arch: &amp;apos;amd64&amp;apos;, os.version: &amp;apos;10.0&amp;apos;, java.version: &amp;apos;16.0.1&amp;apos;
Driver info: io.appium.java_client.android.AndroidDriver
Capabilities [{appPackage=com.flipkart.android, statBarHeight=63, noReset=true, viewportRect={top=63, left=0, width=1080, height=1731}, deviceName=emulator-5554, platform=LINUX, deviceUDID=emulator-5554, desired={appPackage=com.flipkart.android, appActivity=com.flipkart.android.activity.HomeFragmentHolderActivity, noReset=true, platformVersion=12, platformName=Android, udid=emulator-5554}, platformVersion=11, webStorageEnabled=false, takesScreenshot=true, javascriptEnabled=true, platformName=Android, udid=emulator-5554, deviceApiLevel=30, deviceManufacturer=Google, deviceScreenSize=1080x1920, networkConnectionEnabled=true, warnings={}, databaseEnabled=false, appActivity=com.flipkart.android.activity.HomeFragmentHolderActivity, pixelRatio=2.625, locationContextEnabled=false, deviceScreenDensity=420, deviceModel=sdk_gphone_x86}]
Session ID: e9a00859-1bb9-4433-8861-70303ffdb453">
      <![CDATA[org.openqa.selenium.WebDriverException: An unknown server-side error occurred while processing the command. Original error: Error executing adbExec. Original error: 'Command 'C:\\Users\\Dell\\AppData\\Local\\Android\\Sdk\\platform-tools\\adb.exe -P 5037 -s emulator-5554 shell am force-stop com.flipkart.android' timed out after 20000ms'. Try to increase the 20000ms adb execution timeout represented by 'adbExecTimeout' capability (WARNING: The server did not provide any stacktrace information)
Command duration or timeout: 20.18 seconds
Build info: version: '2.53.1', revision: 'a36b8b1cd5757287168e54b817830adce9b0158d', time: '2016-06-30 19:26:09'
System info: host: 'DESKTOP-G609BEC', ip: '192.168.72.16', os.name: 'Windows 10', os.arch: 'amd64', os.version: '10.0', java.version: '16.0.1'
Driver info: io.appium.java_client.android.AndroidDriver
Capabilities [{appPackage=com.flipkart.android, statBarHeight=63, noReset=true, viewportRect={top=63, left=0, width=1080, height=1731}, deviceName=emulator-5554, platform=LINUX, deviceUDID=emulator-5554, desired={appPackage=com.flipkart.android, appActivity=com.flipkart.android.activity.HomeFragmentHolderActivity, noReset=true, platformVersion=12, platformName=Android, udid=emulator-5554}, platformVersion=11, webStorageEnabled=false, takesScreenshot=true, javascriptEnabled=true, platformName=Android, udid=emulator-5554, deviceApiLevel=30, deviceManufacturer=Google, deviceScreenSize=1080x1920, networkConnectionEnabled=true, warnings={}, databaseEnabled=false, appActivity=com.flipkart.android.activity.HomeFragmentHolderActivity, pixelRatio=2.625, locationContextEnabled=false, deviceScreenDensity=420, deviceModel=sdk_gphone_x86}]
Session ID: e9a00859-1bb9-4433-8861-70303ffdb453
at org.openqa.selenium.remote.ErrorHandler.createThrowable(ErrorHandler.java:206)
at org.openqa.selenium.remote.ErrorHandler.throwIfResponseFailed(ErrorHandler.java:158)
at org.openqa.selenium.remote.RemoteWebDriver.execute(RemoteWebDriver.java:678)
at io.appium.java_client.DefaultGenericMobileDriver.execute(DefaultGenericMobileDriver.java:40)
at io.appium.java_client.AppiumDriver.execute(AppiumDriver.java:235)
at io.appium.java_client.AppiumDriver.closeApp(AppiumDriver.java:283)
at org.tyss.universalUtility.BaseClass.methodTearDown(BaseClass.java:77)
at java.base/java.util.ArrayList.forEach(ArrayList.java:1511)
at java.base/java.util.concurrent.FutureTask.run(FutureTask.java:264)
at java.base/java.util.concurrent.ThreadPoolExecutor.runWorker(ThreadPoolExecutor.java:1130)
at java.base/java.util.concurrent.ThreadPoolExecutor$Worker.run(ThreadPoolExecutor.java:630)
at java.base/java.lang.Thread.run(Thread.java:831)
... Removed 28 stack frames]]>
    </failure>
  </testcase> <!-- @AfterMethod methodTearDown -->
  <testcase classname="org.tyss.universalUtility.BaseClass" name="@BeforeMethod methodSetUp" time="-1.665128854397E9">
    <skipped/>
  </testcase> <!-- @BeforeMethod methodSetUp -->
  <testcase classname="org.tyss.universalUtility.BaseClass" name="@AfterMethod methodTearDown" time="-1.66512886637E9">
    <skipped/>
  </testcase> <!-- @AfterMethod methodTearDown -->
  <testcase classname="org.tyss.universalUtility.BaseClass" name="@BeforeMethod methodSetUp" time="-1.665128866379E9">
    <skipped/>
  </testcase> <!-- @BeforeMethod methodSetUp -->
  <testcase classname="org.tyss.universalUtility.BaseClass" name="@AfterMethod methodTearDown" time="-1.66512889775E9">
    <skipped/>
  </testcase> <!-- @AfterMethod methodTearDown -->
  <testcase classname="org.tyss.universalUtility.BaseClass" name="@AfterClass classTearDown" time="-1.665128897756E9">
    <skipped/>
  </testcase> <!-- @AfterClass classTearDown -->
  <testcase classname="org.flipkart.addtocart.InsertProductToCart" name="insertProductToCart" time="54.932">
    <skipped/>
  </testcase> <!-- insertProductToCart -->
  <testcase classname="org.flipkart.addtocart.InsertProductToCart" name="insertProductToCart" time="11.951">
    <skipped/>
  </testcase> <!-- insertProductToCart -->
  <testcase classname="org.flipkart.addtocart.InsertProductToCart" name="insertProductToCart" time="10.119">
    <failure type="org.openqa.selenium.NoSuchElementException" message="An element could not be located on the page using the given search parameters. (WARNING: The server did not provide any stacktrace information)
Command duration or timeout: 10.11 seconds
For documentation on this error, please visit: http://seleniumhq.org/exceptions/no_such_element.html
Build info: version: &amp;apos;2.53.1&amp;apos;, revision: &amp;apos;a36b8b1cd5757287168e54b817830adce9b0158d&amp;apos;, time: &amp;apos;2016-06-30 19:26:09&amp;apos;
System info: host: &amp;apos;DESKTOP-G609BEC&amp;apos;, ip: &amp;apos;192.168.72.16&amp;apos;, os.name: &amp;apos;Windows 10&amp;apos;, os.arch: &amp;apos;amd64&amp;apos;, os.version: &amp;apos;10.0&amp;apos;, java.version: &amp;apos;16.0.1&amp;apos;
Driver info: io.appium.java_client.android.AndroidDriver
Capabilities [{appPackage=com.flipkart.android, statBarHeight=63, noReset=true, viewportRect={top=63, left=0, width=1080, height=1731}, deviceName=emulator-5554, platform=LINUX, deviceUDID=emulator-5554, desired={appPackage=com.flipkart.android, appActivity=com.flipkart.android.activity.HomeFragmentHolderActivity, noReset=true, platformVersion=12, platformName=Android, udid=emulator-5554}, platformVersion=11, webStorageEnabled=false, takesScreenshot=true, javascriptEnabled=true, platformName=Android, udid=emulator-5554, deviceApiLevel=30, deviceManufacturer=Google, deviceScreenSize=1080x1920, networkConnectionEnabled=true, warnings={}, databaseEnabled=false, appActivity=com.flipkart.android.activity.HomeFragmentHolderActivity, pixelRatio=2.625, locationContextEnabled=false, deviceScreenDensity=420, deviceModel=sdk_gphone_x86}]
Session ID: e9a00859-1bb9-4433-8861-70303ffdb453
*** Element info: {Using=xpath, value=//android.widget.TextView[@text=&amp;apos;Brand Mall&amp;apos;]/parent::android.view.ViewGroup/android.view.ViewGroup[@index=&amp;apos;2&amp;apos;]}">
      <![CDATA[org.openqa.selenium.NoSuchElementException: An element could not be located on the page using the given search parameters. (WARNING: The server did not provide any stacktrace information)
Command duration or timeout: 10.11 seconds
For documentation on this error, please visit: http://seleniumhq.org/exceptions/no_such_element.html
Build info: version: '2.53.1', revision: 'a36b8b1cd5757287168e54b817830adce9b0158d', time: '2016-06-30 19:26:09'
System info: host: 'DESKTOP-G609BEC', ip: '192.168.72.16', os.name: 'Windows 10', os.arch: 'amd64', os.version: '10.0', java.version: '16.0.1'
Driver info: io.appium.java_client.android.AndroidDriver
Capabilities [{appPackage=com.flipkart.android, statBarHeight=63, noReset=true, viewportRect={top=63, left=0, width=1080, height=1731}, deviceName=emulator-5554, platform=LINUX, deviceUDID=emulator-5554, desired={appPackage=com.flipkart.android, appActivity=com.flipkart.android.activity.HomeFragmentHolderActivity, noReset=true, platformVersion=12, platformName=Android, udid=emulator-5554}, platformVersion=11, webStorageEnabled=false, takesScreenshot=true, javascriptEnabled=true, platformName=Android, udid=emulator-5554, deviceApiLevel=30, deviceManufacturer=Google, deviceScreenSize=1080x1920, networkConnectionEnabled=true, warnings={}, databaseEnabled=false, appActivity=com.flipkart.android.activity.HomeFragmentHolderActivity, pixelRatio=2.625, locationContextEnabled=false, deviceScreenDensity=420, deviceModel=sdk_gphone_x86}]
Session ID: e9a00859-1bb9-4433-8861-70303ffdb453
*** Element info: {Using=xpath, value=//android.widget.TextView[@text='Brand Mall']/parent::android.view.ViewGroup/android.view.ViewGroup[@index='2']}
at org.openqa.selenium.remote.ErrorHandler.createThrowable(ErrorHandler.java:206)
at org.openqa.selenium.remote.ErrorHandler.throwIfResponseFailed(ErrorHandler.java:158)
at org.openqa.selenium.remote.RemoteWebDriver.execute(RemoteWebDriver.java:678)
at io.appium.java_client.DefaultGenericMobileDriver.execute(DefaultGenericMobileDriver.java:40)
at io.appium.java_client.AppiumDriver.execute(AppiumDriver.java:1)
at io.appium.java_client.android.AndroidDriver.execute(AndroidDriver.java:1)
at org.openqa.selenium.remote.RemoteWebDriver.findElement(RemoteWebDriver.java:363)
at io.appium.java_client.DefaultGenericMobileDriver.findElement(DefaultGenericMobileDriver.java:56)
at io.appium.java_client.AppiumDriver.findElement(AppiumDriver.java:1)
at io.appium.java_client.android.AndroidDriver.findElement(AndroidDriver.java:1)
at org.openqa.selenium.remote.RemoteWebDriver.findElementByXPath(RemoteWebDriver.java:500)
at io.appium.java_client.DefaultGenericMobileDriver.findElementByXPath(DefaultGenericMobileDriver.java:134)
at io.appium.java_client.AppiumDriver.findElementByXPath(AppiumDriver.java:1)
at io.appium.java_client.android.AndroidDriver.findElementByXPath(AndroidDriver.java:1)
at org.openqa.selenium.By$ByXPath.findElement(By.java:361)
at org.openqa.selenium.remote.RemoteWebDriver.findElement(RemoteWebDriver.java:355)
at io.appium.java_client.DefaultGenericMobileDriver.findElement(DefaultGenericMobileDriver.java:52)
at io.appium.java_client.AppiumDriver.findElement(AppiumDriver.java:1)
at io.appium.java_client.android.AndroidDriver.findElement(AndroidDriver.java:1)
at org.openqa.selenium.support.pagefactory.DefaultElementLocator.findElement(DefaultElementLocator.java:69)
at org.openqa.selenium.support.pagefactory.internal.LocatingElementHandler.invoke(LocatingElementHandler.java:38)
at jdk.proxy2/jdk.proxy2.$Proxy17.click(Unknown Source)
at org.objectRepository.HomePage.searchProduct(HomePage.java:31)
at org.flipkart.addtocart.InsertProductToCart.insertProductToCart(InsertProductToCart.java:16)
at java.base/java.util.ArrayList.forEach(ArrayList.java:1511)
at java.base/java.util.concurrent.FutureTask.run(FutureTask.java:264)
at java.base/java.util.concurrent.ThreadPoolExecutor.runWorker(ThreadPoolExecutor.java:1130)
at java.base/java.util.concurrent.ThreadPoolExecutor$Worker.run(ThreadPoolExecutor.java:630)
at java.base/java.lang.Thread.run(Thread.java:831)
... Removed 23 stack frames]]>
    </failure>
  </testcase> <!-- insertProductToCart -->
</testsuite> <!-- EmulatorTest -->
