<?xml version="1.0" encoding="UTF-8"?>
<!-- Generated by org.testng.reporters.JUnitXMLReporter -->
<testsuite ignored="0" hostname="DESKTOP-G609BEC" failures="1" tests="3" name="RealDeviceTest" time="192.813" errors="0" timestamp="2022-10-07T16:30:21 IST">
  <testcase classname="org.flipkart.addtocart.InsertProductToCart" name="insertProductToCart" time="25.778">
    <skipped/>
  </testcase> <!-- insertProductToCart -->
  <testcase classname="org.flipkart.addtocart.InsertProductToCart" name="insertProductToCart" time="27.798">
    <skipped/>
  </testcase> <!-- insertProductToCart -->
  <testcase classname="org.flipkart.addtocart.InsertProductToCart" name="insertProductToCart" time="25.909">
    <failure type="org.openqa.selenium.NoSuchElementException" message="An element could not be located on the page using the given search parameters. (WARNING: The server did not provide any stacktrace information)
Command duration or timeout: 10.51 seconds
For documentation on this error, please visit: http://seleniumhq.org/exceptions/no_such_element.html
Build info: version: &amp;apos;2.53.1&amp;apos;, revision: &amp;apos;a36b8b1cd5757287168e54b817830adce9b0158d&amp;apos;, time: &amp;apos;2016-06-30 19:26:09&amp;apos;
System info: host: &amp;apos;DESKTOP-G609BEC&amp;apos;, ip: &amp;apos;192.168.0.134&amp;apos;, os.name: &amp;apos;Windows 10&amp;apos;, os.arch: &amp;apos;amd64&amp;apos;, os.version: &amp;apos;10.0&amp;apos;, java.version: &amp;apos;16.0.1&amp;apos;
Driver info: io.appium.java_client.android.AndroidDriver
Capabilities [{appPackage=com.flipkart.android, statBarHeight=77, noReset=true, viewportRect={top=77, left=0, width=720, height=1334}, deviceName=R9ZNC03VN6X, platform=LINUX, deviceUDID=R9ZNC03VN6X, desired={appPackage=com.flipkart.android, appActivity=com.flipkart.android.activity.HomeFragmentHolderActivity, noReset=true, platformVersion=12, platformName=Android, udid=R9ZNC03VN6X}, platformVersion=12, webStorageEnabled=false, takesScreenshot=true, javascriptEnabled=true, platformName=Android, udid=R9ZNC03VN6X, deviceApiLevel=31, deviceManufacturer=samsung, deviceScreenSize=720x1560, networkConnectionEnabled=true, warnings={}, databaseEnabled=false, appActivity=com.flipkart.android.activity.HomeFragmentHolderActivity, pixelRatio=1.75, locationContextEnabled=false, deviceScreenDensity=280, deviceModel=SM-M115F}]
Session ID: 24e49bc7-7c5f-422b-92c5-8b8bc844470f
*** Element info: {Using=xpath, value=//android.widget.TextView[@text=&amp;apos;Add to cart&amp;apos;]}">
      <![CDATA[org.openqa.selenium.NoSuchElementException: An element could not be located on the page using the given search parameters. (WARNING: The server did not provide any stacktrace information)
Command duration or timeout: 10.51 seconds
For documentation on this error, please visit: http://seleniumhq.org/exceptions/no_such_element.html
Build info: version: '2.53.1', revision: 'a36b8b1cd5757287168e54b817830adce9b0158d', time: '2016-06-30 19:26:09'
System info: host: 'DESKTOP-G609BEC', ip: '192.168.0.134', os.name: 'Windows 10', os.arch: 'amd64', os.version: '10.0', java.version: '16.0.1'
Driver info: io.appium.java_client.android.AndroidDriver
Capabilities [{appPackage=com.flipkart.android, statBarHeight=77, noReset=true, viewportRect={top=77, left=0, width=720, height=1334}, deviceName=R9ZNC03VN6X, platform=LINUX, deviceUDID=R9ZNC03VN6X, desired={appPackage=com.flipkart.android, appActivity=com.flipkart.android.activity.HomeFragmentHolderActivity, noReset=true, platformVersion=12, platformName=Android, udid=R9ZNC03VN6X}, platformVersion=12, webStorageEnabled=false, takesScreenshot=true, javascriptEnabled=true, platformName=Android, udid=R9ZNC03VN6X, deviceApiLevel=31, deviceManufacturer=samsung, deviceScreenSize=720x1560, networkConnectionEnabled=true, warnings={}, databaseEnabled=false, appActivity=com.flipkart.android.activity.HomeFragmentHolderActivity, pixelRatio=1.75, locationContextEnabled=false, deviceScreenDensity=280, deviceModel=SM-M115F}]
Session ID: 24e49bc7-7c5f-422b-92c5-8b8bc844470f
*** Element info: {Using=xpath, value=//android.widget.TextView[@text='Add to cart']}
at org.openqa.selenium.remote.ErrorHandler.createThrowable(ErrorHandler.java:206)
at org.openqa.selenium.remote.ErrorHandler.throwIfResponseFailed(ErrorHandler.java:158)
at org.openqa.selenium.remote.RemoteWebDriver.execute(RemoteWebDriver.java:678)
at io.appium.java_client.DefaultGenericMobileDriver.execute(DefaultGenericMobileDriver.java:40)
at io.appium.java_client.AppiumDriver.execute(AppiumDriver.java:1)
at io.appium.java_client.android.AndroidDriver.execute(AndroidDriver.java:1)
at org.openqa.selenium.remote.RemoteWebDriver.findElement(RemoteWebDriver.java:363)
at io.appium.java_client.DefaultGenericMobileDriver.findElement(DefaultGenericMobileDriver.java:56)
at io.appium.java_client.AppiumDriver.findElement(AppiumDriver.java:1)
at io.appium.java_client.android.AndroidDriver.findElement(AndroidDriver.java:1)
at org.openqa.selenium.remote.RemoteWebDriver.findElementByXPath(RemoteWebDriver.java:500)
at io.appium.java_client.DefaultGenericMobileDriver.findElementByXPath(DefaultGenericMobileDriver.java:134)
at io.appium.java_client.AppiumDriver.findElementByXPath(AppiumDriver.java:1)
at io.appium.java_client.android.AndroidDriver.findElementByXPath(AndroidDriver.java:1)
at org.openqa.selenium.By$ByXPath.findElement(By.java:361)
at org.openqa.selenium.remote.RemoteWebDriver.findElement(RemoteWebDriver.java:355)
at io.appium.java_client.DefaultGenericMobileDriver.findElement(DefaultGenericMobileDriver.java:52)
at io.appium.java_client.AppiumDriver.findElement(AppiumDriver.java:1)
at io.appium.java_client.android.AndroidDriver.findElement(AndroidDriver.java:1)
at org.openqa.selenium.support.pagefactory.DefaultElementLocator.findElement(DefaultElementLocator.java:69)
at org.openqa.selenium.support.pagefactory.internal.LocatingElementHandler.invoke(LocatingElementHandler.java:38)
at jdk.proxy2/jdk.proxy2.$Proxy17.click(Unknown Source)
at org.objectRepository.ProductPage.clickAddToCart(ProductPage.java:42)
at org.flipkart.addtocart.InsertProductToCart.insertProductToCart(InsertProductToCart.java:18)
at java.base/java.util.ArrayList.forEach(ArrayList.java:1511)
at java.base/java.util.concurrent.FutureTask.run(FutureTask.java:264)
at java.base/java.util.concurrent.ThreadPoolExecutor.runWorker(ThreadPoolExecutor.java:1130)
at java.base/java.util.concurrent.ThreadPoolExecutor$Worker.run(ThreadPoolExecutor.java:630)
at java.base/java.lang.Thread.run(Thread.java:831)
... Removed 23 stack frames]]>
    </failure>
  </testcase> <!-- insertProductToCart -->
</testsuite> <!-- RealDeviceTest -->
